<?xml version="1.0" encoding="UTF-8"?>
<testsuite name="TestingIntegerDecode" tests="12" skipped="0" failures="0" errors="0" timestamp="2022-12-04T15:04:57" hostname="WIN-BRGF974U0RQ" time="0.022">
  <properties/>
  <testcase name="testEmpty()" classname="TestingIntegerDecode" time="0.014"/>
  <testcase name="testNegativeOctalValue()" classname="TestingIntegerDecode" time="0.002"/>
  <testcase name="testHexRadix1()" classname="TestingIntegerDecode" time="0.0"/>
  <testcase name="testHexRadix2()" classname="TestingIntegerDecode" time="0.0"/>
  <testcase name="testNegativeHexValue()" classname="TestingIntegerDecode" time="0.0"/>
  <testcase name="testOctalRadix()" classname="TestingIntegerDecode" time="0.0"/>
  <testcase name="testConstant()" classname="TestingIntegerDecode" time="0.001"/>
  <testcase name="testPositiveValue()" classname="TestingIntegerDecode" time="0.0"/>
  <testcase name="testRandomString()" classname="TestingIntegerDecode" time="0.001"/>
  <testcase name="testStartWithZero()" classname="TestingIntegerDecode" time="0.001"/>
  <testcase name="testNegativeValue()" classname="TestingIntegerDecode" time="0.0"/>
  <testcase name="testNumberFormat()" classname="TestingIntegerDecode" time="0.0"/>
  <system-out><![CDATA[]]></system-out>
  <system-err><![CDATA[]]></system-err>
</testsuite>
